<?xml version="1.0" encoding="UTF-8"?>
<!-- Generated by org.testng.reporters.JUnitReportReporter -->
<testsuite hostname="Cnu" name="com.DataDriven.NewUserRegistration" tests="2" failures="0" timestamp="23 Apr 2019 05:38:16 GMT" time="5.969" errors="0">
  <testcase name="userRegistration" time="5.602" classname="com.DataDriven.NewUserRegistration"/>
  <testcase name="Register" time="0.367" classname="com.DataDriven.NewUserRegistration"/>
</testsuite> <!-- com.DataDriven.NewUserRegistration -->
