<?xml version="1.0" encoding="UTF-8"?>
<!-- Generated by org.testng.reporters.JUnitReportReporter -->
<testsuite hostname="Cnu" name="com.Annotations.Annotations2" tests="2" failures="0" timestamp="12 Apr 2019 06:12:04 GMT" time="0.013" errors="0">
  <testcase name="composeMail" time="0.003" classname="com.Annotations.Annotations2"/>
  <testcase name="inBox" time="0.010" classname="com.Annotations.Annotations2"/>
</testsuite> <!-- com.Annotations.Annotations2 -->
