<?xml version="1.0" encoding="UTF-8"?>
<!-- Generated by org.testng.reporters.JUnitReportReporter -->
<testsuite hostname="Cnu" name="com.Annotations.Annotations1" tests="3" failures="0" timestamp="12 Apr 2019 06:03:40 GMT" time="0.034" errors="0">
  <testcase name="composeMail" time="0.005" classname="com.Annotations.Annotations1"/>
  <testcase name="inBox" time="0.027" classname="com.Annotations.Annotations1"/>
  <testcase name="sentMail" time="0.002" classname="com.Annotations.Annotations1"/>
</testsuite> <!-- com.Annotations.Annotations1 -->
