<?xml version="1.0" encoding="UTF-8"?>
<!-- Generated by org.testng.reporters.JUnitReportReporter -->
<testsuite hostname="Cnu" name="com.NewTours_LogInTest.LogInTest" tests="1" failures="0" timestamp="15 Apr 2019 05:22:33 GMT" time="3.023" errors="0">
  <testcase name="logIn" time="3.023" classname="com.NewTours_LogInTest.LogInTest"/>
</testsuite> <!-- com.NewTours_LogInTest.LogInTest -->
