<?xml version="1.0" encoding="UTF-8"?>
<!-- Generated by org.testng.reporters.JUnitReportReporter -->
<testsuite hostname="Cnu" name="com.DataDriven.NewTours_LogInTest_MultipleTestData" tests="1" failures="0" timestamp="23 Apr 2019 06:03:25 GMT" time="12.206" errors="0">
  <testcase name="logIn" time="12.206" classname="com.DataDriven.NewTours_LogInTest_MultipleTestData"/>
</testsuite> <!-- com.DataDriven.NewTours_LogInTest_MultipleTestData -->
