<?xml version="1.0" encoding="UTF-8"?>
<!-- Generated by org.testng.reporters.JUnitReportReporter -->
<testsuite hostname="Cnu" name="com.DataDriven.NewTours_LogInTest" tests="1" failures="0" timestamp="15 Apr 2019 05:50:13 GMT" time="156.750" errors="0">
  <testcase name="logIn" time="156.750" classname="com.DataDriven.NewTours_LogInTest"/>
</testsuite> <!-- com.DataDriven.NewTours_LogInTest -->
