<?xml version="1.0" encoding="UTF-8"?>
<!-- Generated by org.testng.reporters.JUnitReportReporter -->
<testsuite hostname="Cnu" name="com.Annotations.Annotations3" tests="2" failures="0" timestamp="15 Apr 2019 05:13:29 GMT" time="0.025" errors="0">
  <testcase name="composeMail" time="0.015" classname="com.Annotations.Annotations3"/>
  <testcase name="inBox" time="0.010" classname="com.Annotations.Annotations3"/>
</testsuite> <!-- com.Annotations.Annotations3 -->
