<?xml version="1.0" encoding="UTF-8"?>
<!-- Generated by org.testng.reporters.JUnitReportReporter -->
<testsuite hostname="Cnu" name="com.DataDriven.NewUserRegistration_MultileTestData" tests="2" failures="0" timestamp="23 Apr 2019 06:03:25 GMT" time="16.443" errors="0">
  <testcase name="Register" time="0.516" classname="com.DataDriven.NewUserRegistration_MultileTestData"/>
  <testcase name="userRegistration" time="15.927" classname="com.DataDriven.NewUserRegistration_MultileTestData"/>
</testsuite> <!-- com.DataDriven.NewUserRegistration_MultileTestData -->
