<?xml version="1.0" encoding="UTF-8"?>
<!-- Generated by org.testng.reporters.JUnitReportReporter -->
<testsuite hostname="Cnu" name="com.KeyWord.NewTours_LogInTest" tests="1" failures="0" timestamp="25 Apr 2019 05:38:23 GMT" time="18.401" errors="0">
  <testcase name="logIn" time="18.401" classname="com.KeyWord.NewTours_LogInTest"/>
</testsuite> <!-- com.KeyWord.NewTours_LogInTest -->
