<?xml version="1.0" encoding="UTF-8"?>
<!-- Generated by org.testng.reporters.JUnitReportReporter -->
<testsuite hostname="Cnu" name="com.POM.NewTours_HomePageTesting" tests="1" failures="0" timestamp="27 Apr 2019 06:17:15 GMT" time="18.886" errors="0">
  <testcase name="homePage" time="18.886" classname="com.POM.NewTours_HomePageTesting"/>
</testsuite> <!-- com.POM.NewTours_HomePageTesting -->
