<?xml version="1.0" encoding="UTF-8"?>
<!-- Generated by org.testng.reporters.JUnitReportReporter -->
<testsuite skipped="0" hostname="Cnu" name="com.NewTours.NewTours_LogInTest" tests="1" failures="0" timestamp="08 May 2019 06:04:58 GMT" time="20.520" errors="0">
  <testcase name="logIn" time="20.520" classname="com.NewTours.NewTours_LogInTest"/>
</testsuite> <!-- com.NewTours.NewTours_LogInTest -->
